INFO     conftest:conftest.py:289 
################################################################################
INFO     conftest:conftest.py:290 ğŸ§ª STARTING TEST: test_login_with_valid_credentials_with_pom
INFO     conftest:conftest.py:291 ################################################################################

INFO     conftest:conftest.py:111 ğŸ“‹ Creating new browser context
INFO     conftest:conftest.py:125    âœ… Context created (timeout=30000ms)
INFO     conftest:conftest.py:140 ğŸ“„ Creating new page
INFO     conftest:conftest.py:144    âœ… Page created
INFO     conftest:conftest.py:145    ğŸ“ Initial URL: about:blank
INFO     conftest:conftest.py:168 ğŸ—ï¸ Creating LoginPage fixture
INFO     pages.base_page:base_page.py:29 ğŸ—ï¸ Initialized LoginPage
INFO     pages.login_page:login_page.py:18 ğŸ—ï¸ Initialized LoginPage - URL: https://candileasing.netlify.app/
INFO     tests_pages.test_user_logins:test_user_logins.py:29 ğŸ“‹ Test Valid Credentials
INFO     tests_pages.test_user_logins:test_user_logins.py:30 ğŸ“‹ Step 1: Navigate to login page
INFO     utils.decorators:decorators.py:26 ============================================================
INFO     utils.decorators:decorators.py:27 ğŸ”µ ENTERING: LoginPage.go_to_login_page()
INFO     utils.decorators:decorators.py:76 ğŸ“ Before: URL=about:blank, Title=
INFO     pages.login_page:login_page.py:24 ğŸ”„ Navigating to login page: https://candileasing.netlify.app/
INFO     utils.decorators:decorators.py:26 ============================================================
INFO     utils.decorators:decorators.py:27 ğŸ”µ ENTERING: LoginPage.navigate_to()
INFO     utils.decorators:decorators.py:31    ğŸ“¥ Args: ('https://candileasing.netlify.app/',)
INFO     pages.base_page:base_page.py:36 ğŸŒ URL: https://candileasing.netlify.app/, Wait: networkidle
INFO     pages.base_page:base_page.py:40    ğŸ“Š Status: 200, OK: True
INFO     utils.decorators:decorators.py:42    âœ… SUCCESS
INFO     utils.decorators:decorators.py:43    ğŸ“¤ Return: <Response url='https://candileasing.netlify.app/' request=<Request url='https://candileasing.netlify.app/' method='GET'>>
INFO     utils.decorators:decorators.py:44    â±ï¸  Time: 0.977s
INFO     utils.decorators:decorators.py:45 ============================================================

INFO     utils.decorators:decorators.py:81 ğŸ“ After: URL=https://candileasing.netlify.app/, Title=CAndILeasing
INFO     utils.decorators:decorators.py:42    âœ… SUCCESS
INFO     utils.decorators:decorators.py:43    ğŸ“¤ Return: None
INFO     utils.decorators:decorators.py:44    â±ï¸  Time: 1.269s
INFO     utils.decorators:decorators.py:45 ============================================================

INFO     tests_pages.test_user_logins:test_user_logins.py:33 ğŸ“‹ Step 2: Perform login
INFO     utils.decorators:decorators.py:26 ============================================================
INFO     utils.decorators:decorators.py:27 ğŸ”µ ENTERING: LoginPage.login_user()
INFO     utils.decorators:decorators.py:33    ğŸ“¥ Kwargs: {'email': 'oladejo.lasisi@c-ileasing.com', 'password': 'PAa@12345'}
INFO     pages.login_page:login_page.py:33 ğŸ” Attempting login with email: oladejo.lasisi@c-ileasing.com
INFO     utils.decorators:decorators.py:26 ============================================================
INFO     utils.decorators:decorators.py:27 ğŸ”µ ENTERING: LoginPage.fill_input()
INFO     utils.decorators:decorators.py:31    ğŸ“¥ Args: ('input[name="email"]', 'oladejo.lasisi@c-ileasing.com')
INFO     pages.base_page:base_page.py:102 âœï¸ Selector: input[name="email"], Value: oladejo.lasisi@c-ileasing.com
INFO     pages.base_page:base_page.py:544    ğŸ” Element state - Count: 0
WARNING  pages.base_page:base_page.py:559    âš ï¸ Element not found in DOM: input[name="email"]
INFO     pages.base_page:base_page.py:121    âœ… Fill successful
INFO     utils.decorators:decorators.py:42    âœ… SUCCESS
INFO     utils.decorators:decorators.py:43    ğŸ“¤ Return: None
INFO     utils.decorators:decorators.py:44    â±ï¸  Time: 0.167s
INFO     utils.decorators:decorators.py:45 ============================================================

INFO     utils.decorators:decorators.py:26 ============================================================
INFO     utils.decorators:decorators.py:27 ğŸ”µ ENTERING: LoginPage.fill_input()
INFO     utils.decorators:decorators.py:31    ğŸ“¥ Args: ('input[name="password"]', 'PAa@12345')
INFO     pages.base_page:base_page.py:102 âœï¸ Selector: input[name="password"], Value: PAa@12345
INFO     pages.base_page:base_page.py:544    ğŸ” Element state - Count: 1
INFO     pages.base_page:base_page.py:549       Visible: True, Enabled: True
INFO     pages.base_page:base_page.py:121    âœ… Fill successful
INFO     utils.decorators:decorators.py:42    âœ… SUCCESS
INFO     utils.decorators:decorators.py:43    ğŸ“¤ Return: None
INFO     utils.decorators:decorators.py:44    â±ï¸  Time: 0.090s
INFO     utils.decorators:decorators.py:45 ============================================================

INFO     utils.decorators:decorators.py:26 ============================================================
INFO     utils.decorators:decorators.py:27 ğŸ”µ ENTERING: LoginPage.click_element()
INFO     utils.decorators:decorators.py:31    ğŸ“¥ Args: ('button[type="submit"][buttontype="primary"]',)
INFO     pages.base_page:base_page.py:71 ğŸ–±ï¸ Selector: button[type="submit"][buttontype="primary"]
INFO     pages.base_page:base_page.py:544    ğŸ” Element state - Count: 1
INFO     pages.base_page:base_page.py:549       Visible: True, Enabled: True
INFO     pages.base_page:base_page.py:555       Text: 'Proceed'
INFO     pages.base_page:base_page.py:93    âœ… Click successful
INFO     utils.decorators:decorators.py:42    âœ… SUCCESS
INFO     utils.decorators:decorators.py:43    ğŸ“¤ Return: None
INFO     utils.decorators:decorators.py:44    â±ï¸  Time: 0.083s
INFO     utils.decorators:decorators.py:45 ============================================================

INFO     pages.login_page:login_page.py:39 âœ… Login form submitted
INFO     utils.decorators:decorators.py:42    âœ… SUCCESS
INFO     utils.decorators:decorators.py:43    ğŸ“¤ Return: None
INFO     utils.decorators:decorators.py:44    â±ï¸  Time: 0.342s
INFO     utils.decorators:decorators.py:45 ============================================================

INFO     tests_pages.test_user_logins:test_user_logins.py:38 ğŸ“‹ Step 3: Verify login successful
INFO     utils.decorators:decorators.py:26 ============================================================
INFO     utils.decorators:decorators.py:27 ğŸ”µ ENTERING: LoginPage.verify_login_successful_load_companies()
INFO     pages.login_page:login_page.py:62 âœ… Verifying successful login - checking for company list
INFO     utils.decorators:decorators.py:26 ============================================================
INFO     utils.decorators:decorators.py:27 ğŸ”µ ENTERING: LoginPage.verify_element_visible()
INFO     utils.decorators:decorators.py:31    ğŸ“¥ Args: ("div.uppercase:has-text('DEFAULT')",)
INFO     pages.base_page:base_page.py:292 ğŸ‘ï¸ Verifying visible: div.uppercase:has-text('DEFAULT')
ERROR    pages.base_page:base_page.py:297    âŒ Element not visible: Locator expected to be visible
Actual value: None
Error: element(s) not found 
Call log:
  - Expect "to_be_visible" with timeout 5000ms
  - waiting for locator("div.uppercase:has-text('DEFAULT')")

INFO     pages.base_page:base_page.py:574    ğŸ“¸ Screenshot saved: screenshots/verify_visible_error_1771216050.png
ERROR    utils.decorators:decorators.py:53    âŒ FAILED: LoginPage.verify_element_visible()
ERROR    utils.decorators:decorators.py:54    ğŸ’¥ Error: AssertionError: Locator expected to be visible
Actual value: None
Error: element(s) not found 
Call log:
  - Expect "to_be_visible" with timeout 5000ms
  - waiting for locator("div.uppercase:has-text('DEFAULT')")

ERROR    utils.decorators:decorators.py:55    â±ï¸  Time: 5.186s
ERROR    utils.decorators:decorators.py:56 ============================================================

ERROR    utils.decorators:decorators.py:53    âŒ FAILED: LoginPage.verify_login_successful_load_companies()
ERROR    utils.decorators:decorators.py:54    ğŸ’¥ Error: AssertionError: Locator expected to be visible
Actual value: None
Error: element(s) not found 
Call log:
  - Expect "to_be_visible" with timeout 5000ms
  - waiting for locator("div.uppercase:has-text('DEFAULT')")

ERROR    utils.decorators:decorators.py:55    â±ï¸  Time: 5.187s
ERROR    utils.decorators:decorators.py:56 ============================================================
INFO     conftest:conftest.py:149 ğŸ“„ Closing page (final URL: https://candileasing.netlify.app/)
INFO     conftest:conftest.py:129 ğŸ“‹ Closing browser context
INFO     conftest:conftest.py:295 
################################################################################
INFO     conftest:conftest.py:296 ğŸ FINISHED TEST: test_login_with_valid_credentials_with_pom
INFO     conftest:conftest.py:297 ################################################################################