INFO     conftest:conftest.py:289 
################################################################################
INFO     conftest:conftest.py:290 ğŸ§ª STARTING TEST: test_to_add_new_bank_details
INFO     conftest:conftest.py:291 ################################################################################

INFO     conftest:conftest.py:111 ğŸ“‹ Creating new browser context
INFO     conftest:conftest.py:125    âœ… Context created (timeout=30000ms)
INFO     conftest:conftest.py:140 ğŸ“„ Creating new page
INFO     conftest:conftest.py:144    âœ… Page created
INFO     conftest:conftest.py:145    ğŸ“ Initial URL: about:blank
INFO     conftest:conftest.py:190 
============================================================
INFO     conftest:conftest.py:191 ğŸ” AUTHENTICATION SETUP
INFO     conftest:conftest.py:192 ============================================================
INFO     pages.base_page:base_page.py:29 ğŸ—ï¸ Initialized LoginPage
INFO     pages.login_page:login_page.py:18 ğŸ—ï¸ Initialized LoginPage - URL: https://candileasing.netlify.app/
INFO     conftest:conftest.py:197 ğŸ“‹ Step 1: Navigate to login page
INFO     utils.decorators:decorators.py:26 ============================================================
INFO     utils.decorators:decorators.py:27 ğŸ”µ ENTERING: LoginPage.go_to_login_page()
INFO     utils.decorators:decorators.py:76 ğŸ“ Before: URL=about:blank, Title=
INFO     pages.login_page:login_page.py:24 ğŸ”„ Navigating to login page: https://candileasing.netlify.app/
INFO     utils.decorators:decorators.py:26 ============================================================
INFO     utils.decorators:decorators.py:27 ğŸ”µ ENTERING: LoginPage.navigate_to()
INFO     utils.decorators:decorators.py:31    ğŸ“¥ Args: ('https://candileasing.netlify.app/',)
INFO     pages.base_page:base_page.py:36 ğŸŒ URL: https://candileasing.netlify.app/, Wait: networkidle
INFO     pages.base_page:base_page.py:40    ğŸ“Š Status: 200, OK: True
INFO     utils.decorators:decorators.py:42    âœ… SUCCESS
INFO     utils.decorators:decorators.py:43    ğŸ“¤ Return: <Response url='https://candileasing.netlify.app/' request=<Request url='https://candileasing.netlify.app/' method='GET'>>
INFO     utils.decorators:decorators.py:44    â±ï¸  Time: 0.819s
INFO     utils.decorators:decorators.py:45 ============================================================

INFO     utils.decorators:decorators.py:81 ğŸ“ After: URL=https://candileasing.netlify.app/, Title=CAndILeasing
INFO     utils.decorators:decorators.py:42    âœ… SUCCESS
INFO     utils.decorators:decorators.py:43    ğŸ“¤ Return: None
INFO     utils.decorators:decorators.py:44    â±ï¸  Time: 1.135s
INFO     utils.decorators:decorators.py:45 ============================================================

INFO     conftest:conftest.py:200 ğŸ“‹ Step 2: Perform login
INFO     utils.decorators:decorators.py:26 ============================================================
INFO     utils.decorators:decorators.py:27 ğŸ”µ ENTERING: LoginPage.login_user()
INFO     utils.decorators:decorators.py:33    ğŸ“¥ Kwargs: {'email': 'ekundayorotimi@gmail.com', 'password': 'PAa@12345'}
INFO     pages.login_page:login_page.py:33 ğŸ” Attempting login with email: ekundayorotimi@gmail.com
INFO     utils.decorators:decorators.py:26 ============================================================
INFO     utils.decorators:decorators.py:27 ğŸ”µ ENTERING: LoginPage.fill_input()
INFO     utils.decorators:decorators.py:31    ğŸ“¥ Args: ('input[name="email"]', 'ekundayorotimi@gmail.com')
INFO     pages.base_page:base_page.py:102 âœï¸ Selector: input[name="email"], Value: ekundayorotimi@gmail.com
INFO     pages.base_page:base_page.py:548    ğŸ” Element state - Count: 0
WARNING  pages.base_page:base_page.py:563    âš ï¸ Element not found in DOM: input[name="email"]
INFO     pages.base_page:base_page.py:121    âœ… Fill successful
INFO     utils.decorators:decorators.py:42    âœ… SUCCESS
INFO     utils.decorators:decorators.py:43    ğŸ“¤ Return: None
INFO     utils.decorators:decorators.py:44    â±ï¸  Time: 0.183s
INFO     utils.decorators:decorators.py:45 ============================================================

INFO     utils.decorators:decorators.py:26 ============================================================
INFO     utils.decorators:decorators.py:27 ğŸ”µ ENTERING: LoginPage.fill_input()
INFO     utils.decorators:decorators.py:31    ğŸ“¥ Args: ('input[name="password"]', 'PAa@12345')
INFO     pages.base_page:base_page.py:102 âœï¸ Selector: input[name="password"], Value: PAa@12345
INFO     pages.base_page:base_page.py:548    ğŸ” Element state - Count: 1
INFO     pages.base_page:base_page.py:553       Visible: True, Enabled: True
INFO     pages.base_page:base_page.py:121    âœ… Fill successful
INFO     utils.decorators:decorators.py:42    âœ… SUCCESS
INFO     utils.decorators:decorators.py:43    ğŸ“¤ Return: None
INFO     utils.decorators:decorators.py:44    â±ï¸  Time: 0.045s
INFO     utils.decorators:decorators.py:45 ============================================================

INFO     utils.decorators:decorators.py:26 ============================================================
INFO     utils.decorators:decorators.py:27 ğŸ”µ ENTERING: LoginPage.click_element()
INFO     utils.decorators:decorators.py:31    ğŸ“¥ Args: ('button[type="submit"][buttontype="primary"]',)
INFO     pages.base_page:base_page.py:71 ğŸ–±ï¸ Selector: button[type="submit"][buttontype="primary"]
INFO     pages.base_page:base_page.py:548    ğŸ” Element state - Count: 1
INFO     pages.base_page:base_page.py:553       Visible: True, Enabled: True
INFO     pages.base_page:base_page.py:559       Text: 'Proceed'
INFO     pages.base_page:base_page.py:93    âœ… Click successful
INFO     utils.decorators:decorators.py:42    âœ… SUCCESS
INFO     utils.decorators:decorators.py:43    ğŸ“¤ Return: None
INFO     utils.decorators:decorators.py:44    â±ï¸  Time: 0.083s
INFO     utils.decorators:decorators.py:45 ============================================================

INFO     pages.login_page:login_page.py:39 âœ… Login form submitted
INFO     utils.decorators:decorators.py:42    âœ… SUCCESS
INFO     utils.decorators:decorators.py:43    ğŸ“¤ Return: None
INFO     utils.decorators:decorators.py:44    â±ï¸  Time: 0.313s
INFO     utils.decorators:decorators.py:45 ============================================================

INFO     conftest:conftest.py:206 ğŸ“‹ Step 3: Verify login successful
INFO     utils.decorators:decorators.py:26 ============================================================
INFO     utils.decorators:decorators.py:27 ğŸ”µ ENTERING: LoginPage.verify_login_successful_load_companies()
INFO     pages.login_page:login_page.py:62 âœ… Verifying successful login - checking for company list
INFO     utils.decorators:decorators.py:26 ============================================================
INFO     utils.decorators:decorators.py:27 ğŸ”µ ENTERING: LoginPage.verify_element_visible()
INFO     utils.decorators:decorators.py:31    ğŸ“¥ Args: ("div.uppercase:has-text('DEFAULT')",)
INFO     pages.base_page:base_page.py:296 ğŸ‘ï¸ Verifying visible: div.uppercase:has-text('DEFAULT')
INFO     pages.base_page:base_page.py:299    âœ… Element is visible
INFO     utils.decorators:decorators.py:42    âœ… SUCCESS
INFO     utils.decorators:decorators.py:43    ğŸ“¤ Return: None
INFO     utils.decorators:decorators.py:44    â±ï¸  Time: 2.862s
INFO     utils.decorators:decorators.py:45 ============================================================

INFO     utils.decorators:decorators.py:26 ============================================================
INFO     utils.decorators:decorators.py:27 ğŸ”µ ENTERING: LoginPage.verify_element_visible()
INFO     utils.decorators:decorators.py:31    ğŸ“¥ Args: ('div.space-y-4 div.uppercase:text-is("FLOUR MILLS NIGERIA LIMITED GOLDEN NOODLES & PASTA IGANMU")',)
INFO     pages.base_page:base_page.py:296 ğŸ‘ï¸ Verifying visible: div.space-y-4 div.uppercase:text-is("FLOUR MILLS NIGERIA LIMITED GOLDEN NOODLES & PASTA IGANMU")
INFO     pages.base_page:base_page.py:299    âœ… Element is visible
INFO     utils.decorators:decorators.py:42    âœ… SUCCESS
INFO     utils.decorators:decorators.py:43    ğŸ“¤ Return: None
INFO     utils.decorators:decorators.py:44    â±ï¸  Time: 0.005s
INFO     utils.decorators:decorators.py:45 ============================================================

INFO     pages.login_page:login_page.py:65 âœ… Company list verified
INFO     utils.decorators:decorators.py:42    âœ… SUCCESS
INFO     utils.decorators:decorators.py:43    ğŸ“¤ Return: None
INFO     utils.decorators:decorators.py:44    â±ï¸  Time: 2.868s
INFO     utils.decorators:decorators.py:45 ============================================================

INFO     conftest:conftest.py:209 ğŸ“‹ Step 4: Click default company link
INFO     utils.decorators:decorators.py:26 ============================================================
INFO     utils.decorators:decorators.py:27 ğŸ”µ ENTERING: LoginPage.click_default_company_link()
INFO     utils.decorators:decorators.py:76 ğŸ“ Before: URL=https://candileasing.netlify.app/, Title=CAndILeasing
INFO     pages.login_page:login_page.py:112 ğŸ–±ï¸ Clicking default company link
INFO     utils.decorators:decorators.py:26 ============================================================
INFO     utils.decorators:decorators.py:27 ğŸ”µ ENTERING: LoginPage.click_element()
INFO     utils.decorators:decorators.py:31    ğŸ“¥ Args: ('text="DEFAULT"',)
INFO     pages.base_page:base_page.py:71 ğŸ–±ï¸ Selector: text="DEFAULT"
INFO     pages.base_page:base_page.py:548    ğŸ” Element state - Count: 1
INFO     pages.base_page:base_page.py:553       Visible: True, Enabled: True
INFO     pages.base_page:base_page.py:559       Text: 'DEFAULT'
INFO     pages.base_page:base_page.py:93    âœ… Click successful
INFO     utils.decorators:decorators.py:42    âœ… SUCCESS
INFO     utils.decorators:decorators.py:43    ğŸ“¤ Return: None
INFO     utils.decorators:decorators.py:44    â±ï¸  Time: 0.233s
INFO     utils.decorators:decorators.py:45 ============================================================

INFO     pages.login_page:login_page.py:114 âœ… Navigating to Self Service page
INFO     pages.base_page:base_page.py:29 ğŸ—ï¸ Initialized SelfServicePage
INFO     utils.decorators:decorators.py:81 ğŸ“ After: URL=https://candileasing.netlify.app/personal/self-service, Title=CAndILeasing
INFO     utils.decorators:decorators.py:42    âœ… SUCCESS
INFO     utils.decorators:decorators.py:43    ğŸ“¤ Return: <pages.self_service_page.SelfServicePage object at 0x7f1e9892f550>
INFO     utils.decorators:decorators.py:44    â±ï¸  Time: 0.242s
INFO     utils.decorators:decorators.py:45 ============================================================

INFO     conftest:conftest.py:212 ğŸ“‹ Step 5: Verify self-service page loads
INFO     utils.decorators:decorators.py:26 ============================================================
INFO     utils.decorators:decorators.py:27 ğŸ”µ ENTERING: SelfServicePage.verify_self_service_page_loads()
INFO     pages.self_service_page:self_service_page.py:35 âœ… Verify Logged in user
INFO     utils.decorators:decorators.py:26 ============================================================
INFO     utils.decorators:decorators.py:27 ğŸ”µ ENTERING: SelfServicePage.verify_element_visible()
INFO     utils.decorators:decorators.py:31    ğŸ“¥ Args: ('span.text-dark0b.font-\\[400\\].text-\\[14px\\]',)
INFO     pages.base_page:base_page.py:296 ğŸ‘ï¸ Verifying visible: span.text-dark0b.font-\[400\].text-\[14px\]
INFO     pages.base_page:base_page.py:299    âœ… Element is visible
INFO     utils.decorators:decorators.py:42    âœ… SUCCESS
INFO     utils.decorators:decorators.py:43    ğŸ“¤ Return: None
INFO     utils.decorators:decorators.py:44    â±ï¸  Time: 0.859s
INFO     utils.decorators:decorators.py:45 ============================================================

INFO     utils.decorators:decorators.py:42    âœ… SUCCESS
INFO     utils.decorators:decorators.py:43    ğŸ“¤ Return: None
INFO     utils.decorators:decorators.py:44    â±ï¸  Time: 0.860s
INFO     utils.decorators:decorators.py:45 ============================================================

INFO     conftest:conftest.py:215 âœ… Authentication successful
INFO     conftest:conftest.py:216 ============================================================

INFO     tests_pages.test_self_service_bank_details:test_self_service_bank_details.py:31 ğŸ“‹ Authenticate User module
INFO     pages.base_page:base_page.py:29 ğŸ—ï¸ Initialized SelfServicePage
INFO     tests_pages.test_self_service_bank_details:test_self_service_bank_details.py:18 
################################################################################
INFO     tests_pages.test_self_service_bank_details:test_self_service_bank_details.py:19 ğŸ§ª STARTING TEST: test_to_add_new_bank_details
INFO     tests_pages.test_self_service_bank_details:test_self_service_bank_details.py:20 ################################################################################
INFO     tests_pages.test_self_service_bank_details:test_self_service_bank_details.py:41 ğŸ“‹ Test go add bank Details
INFO     tests_pages.test_self_service_bank_details:test_self_service_bank_details.py:43 ğŸ“ Current URL: https://candileasing.netlify.app/personal/self-service
INFO     tests_pages.test_self_service_bank_details:test_self_service_bank_details.py:44 ğŸ“ Page Title: CAndILeasing
INFO     tests_pages.test_self_service_bank_details:test_self_service_bank_details.py:56 ğŸ” Add Bank Button visible: False
INFO     tests_pages.test_self_service_bank_details:test_self_service_bank_details.py:57 ğŸ” Add Bank Button count: 1
INFO     tests_pages.test_self_service_bank_details:test_self_service_bank_details.py:60 ğŸ” Add Bank Button text: Bank Details
INFO     utils.decorators:decorators.py:26 ============================================================
INFO     utils.decorators:decorators.py:27 ğŸ”µ ENTERING: SelfServicePage.click_to_add_banking_details()
INFO     pages.self_service_page:self_service_page.py:114 ğŸ–±ï¸ Click a button to add Bank Details
INFO     utils.decorators:decorators.py:26 ============================================================
INFO     utils.decorators:decorators.py:27 ğŸ”µ ENTERING: SelfServicePage.click_element()
INFO     utils.decorators:decorators.py:31    ğŸ“¥ Args: ("button:has-text('Bank Details')",)
INFO     pages.base_page:base_page.py:71 ğŸ–±ï¸ Selector: button:has-text('Bank Details')
INFO     pages.base_page:base_page.py:548    ğŸ” Element state - Count: 1
INFO     pages.base_page:base_page.py:553       Visible: False, Enabled: True
INFO     pages.base_page:base_page.py:559       Text: 'Bank Details'
ERROR    pages.base_page:base_page.py:95    âŒ Click failed: Locator.wait_for: Timeout 30000ms exceeded.
Call log:
  - waiting for locator("button:has-text('Bank Details')") to be visible
    65 Ã— locator resolved to hidden <button class="bg-transparent text-label flex items-center whitespace-nowrap text-left w-full px-2 py-3 text-[11px] rounded">â€¦</button>

INFO     pages.base_page:base_page.py:578    ğŸ“¸ Screenshot saved: screenshots/click_error_1771413100.png
ERROR    utils.decorators:decorators.py:53    âŒ FAILED: SelfServicePage.click_element()
ERROR    utils.decorators:decorators.py:54    ğŸ’¥ Error: TimeoutError: Locator.wait_for: Timeout 30000ms exceeded.
Call log:
  - waiting for locator("button:has-text('Bank Details')") to be visible
    65 Ã— locator resolved to hidden <button class="bg-transparent text-label flex items-center whitespace-nowrap text-left w-full px-2 py-3 text-[11px] rounded">â€¦</button>

ERROR    utils.decorators:decorators.py:55    â±ï¸  Time: 30.068s
ERROR    utils.decorators:decorators.py:56 ============================================================

ERROR    pages.self_service_page:self_service_page.py:127 âŒ Failed to add bank detail : Locator.wait_for: Timeout 30000ms exceeded.
Call log:
  - waiting for locator("button:has-text('Bank Details')") to be visible
    65 Ã— locator resolved to hidden <button class="bg-transparent text-label flex items-center whitespace-nowrap text-left w-full px-2 py-3 text-[11px] rounded">â€¦</button>

INFO     pages.self_service_page:self_service_page.py:140 
ğŸ” Debug info for: button:has-text('Bank Details')
INFO     pages.self_service_page:self_service_page.py:141    Count: 1
INFO     pages.self_service_page:self_service_page.py:144    Visible: False
INFO     pages.self_service_page:self_service_page.py:145    Enabled: True
INFO     pages.self_service_page:self_service_page.py:146    Text: Bank Details
INFO     pages.self_service_page:self_service_page.py:166 
ğŸ” Debug info for: button.px-4.py-1.text-\[\#4F5E71\].bg-white.border-\[1px\]
INFO     pages.self_service_page:self_service_page.py:167    Count: 0
INFO     pages.self_service_page:self_service_page.py:174    âŒ Element not found!
INFO     pages.self_service_page:self_service_page.py:177 
   All links on page (2):
INFO     pages.self_service_page:self_service_page.py:181       1. Text: 'Dashboard' | href: '/dashboard'
INFO     pages.self_service_page:self_service_page.py:181       2. Text: 'Self Service' | href: '/personal/self-service'
INFO     pages.base_page:base_page.py:501 ğŸ“¸ Taking screenshot: error_add_bank_detail_link.png
ERROR    utils.decorators:decorators.py:53    âŒ FAILED: SelfServicePage.click_to_add_banking_details()
ERROR    utils.decorators:decorators.py:54    ğŸ’¥ Error: TimeoutError: Locator.wait_for: Timeout 30000ms exceeded.
Call log:
  - waiting for locator("button:has-text('Bank Details')") to be visible
    65 Ã— locator resolved to hidden <button class="bg-transparent text-label flex items-center whitespace-nowrap text-left w-full px-2 py-3 text-[11px] rounded">â€¦</button>

ERROR    utils.decorators:decorators.py:55    â±ï¸  Time: 30.168s
ERROR    utils.decorators:decorators.py:56 ============================================================
INFO     tests_pages.test_self_service_bank_details:test_self_service_bank_details.py:24 
################################################################################
INFO     tests_pages.test_self_service_bank_details:test_self_service_bank_details.py:25 ğŸ FINISHED TEST: test_to_add_new_bank_details
INFO     tests_pages.test_self_service_bank_details:test_self_service_bank_details.py:26 ################################################################################

INFO     conftest:conftest.py:221 
============================================================
INFO     conftest:conftest.py:222 ğŸ” AUTHENTICATION TEARDOWN
INFO     conftest:conftest.py:223 ============================================================
INFO     conftest:conftest.py:224 ğŸ“‹ Logging out...
INFO     utils.decorators:decorators.py:26 ============================================================
INFO     utils.decorators:decorators.py:27 ğŸ”µ ENTERING: SelfServicePage.click_to_logout()
INFO     pages.self_service_page:self_service_page.py:41 ğŸ–±ï¸ Click to logout
INFO     utils.decorators:decorators.py:26 ============================================================
INFO     utils.decorators:decorators.py:27 ğŸ”µ ENTERING: SelfServicePage.click_element()
INFO     utils.decorators:decorators.py:31    ğŸ“¥ Args: ("span.ant-avatar-string:has-text('MM')",)
INFO     pages.base_page:base_page.py:71 ğŸ–±ï¸ Selector: span.ant-avatar-string:has-text('MM')
INFO     pages.base_page:base_page.py:548    ğŸ” Element state - Count: 1
INFO     pages.base_page:base_page.py:553       Visible: True, Enabled: True
INFO     pages.base_page:base_page.py:559       Text: 'MM'
INFO     pages.base_page:base_page.py:93    âœ… Click successful
INFO     utils.decorators:decorators.py:42    âœ… SUCCESS
INFO     utils.decorators:decorators.py:43    ğŸ“¤ Return: None
INFO     utils.decorators:decorators.py:44    â±ï¸  Time: 0.108s
INFO     utils.decorators:decorators.py:45 ============================================================

INFO     utils.decorators:decorators.py:26 ============================================================
INFO     utils.decorators:decorators.py:27 ğŸ”µ ENTERING: SelfServicePage.click_element()
INFO     utils.decorators:decorators.py:31    ğŸ“¥ Args: ("p.text-danger:has-text('Logout')",)
INFO     pages.base_page:base_page.py:71 ğŸ–±ï¸ Selector: p.text-danger:has-text('Logout')
INFO     pages.base_page:base_page.py:548    ğŸ” Element state - Count: 1
INFO     pages.base_page:base_page.py:553       Visible: False, Enabled: True
INFO     pages.base_page:base_page.py:559       Text: 'Logout'
INFO     pages.base_page:base_page.py:93    âœ… Click successful
INFO     utils.decorators:decorators.py:42    âœ… SUCCESS
INFO     utils.decorators:decorators.py:43    ğŸ“¤ Return: None
INFO     utils.decorators:decorators.py:44    â±ï¸  Time: 0.342s
INFO     utils.decorators:decorators.py:45 ============================================================

INFO     pages.base_page:base_page.py:29 ğŸ—ï¸ Initialized HomePage
INFO     pages.home_page:home_page.py:22 ğŸ—ï¸ Initialized HomePage - URL: https://candileasing.netlify.app/
INFO     utils.decorators:decorators.py:42    âœ… SUCCESS
INFO     utils.decorators:decorators.py:43    ğŸ“¤ Return: <pages.home_page.HomePage object at 0x7f1e988c3bd0>
INFO     utils.decorators:decorators.py:44    â±ï¸  Time: 0.451s
INFO     utils.decorators:decorators.py:45 ============================================================

INFO     conftest:conftest.py:228 âœ… Logout successful
INFO     conftest:conftest.py:229 ============================================================

INFO     conftest:conftest.py:149 ğŸ“„ Closing page (final URL: https://candileasing.netlify.app/)
INFO     conftest:conftest.py:129 ğŸ“‹ Closing browser context
INFO     conftest:conftest.py:295 
################################################################################
INFO     conftest:conftest.py:296 ğŸ FINISHED TEST: test_to_add_new_bank_details
INFO     conftest:conftest.py:297 ################################################################################