{"uid":"4fcec8795f5bdfe2","name":"test_to_add_new_bank_details","fullName":"tests_pages.test_self_service_bank_details.TestAddBankDetailsPage#test_to_add_new_bank_details","historyId":"bf49c28e561f078bcaa4852232d7f45a","time":{"start":1771423851848,"stop":1771423851848,"duration":0},"description":"Test Add New Bank details with debugging","descriptionHtml":"<p>Test Add New Bank details with debugging</p>\n","status":"broken","statusMessage":"playwright._impl._errors.TimeoutError: Page.goto: Timeout 30000ms exceeded.\nCall log:\n  - navigating to \"https://candileasing.netlify.app/\", waiting until \"networkidle\"","statusTrace":"conftest.py:205: in authenticated_page\n    login_page.go_to_login_page()\nutils/decorators.py:38: in wrapper\n    result = func(*args, **kwargs)\n             ^^^^^^^^^^^^^^^^^^^^^\nutils/decorators.py:78: in wrapper\n    result = func(self, *args, **kwargs)\n             ^^^^^^^^^^^^^^^^^^^^^^^^^^^\npages/login_page.py:25: in go_to_login_page\n    self.navigate_to(self.url)\nutils/decorators.py:38: in wrapper\n    result = func(*args, **kwargs)\n             ^^^^^^^^^^^^^^^^^^^^^\npages/base_page.py:38: in navigate_to\n    response = self.page.goto(url, wait_until=wait_until)\n               ^^^^^^^^^^^^^^^^^^^^^^^^^^^^^^^^^^^^^^^^^^\n/opt/hostedtoolcache/Python/3.11.14/x64/lib/python3.11/site-packages/playwright/sync_api/_generated.py:9054: in goto\n    self._sync(\n/opt/hostedtoolcache/Python/3.11.14/x64/lib/python3.11/site-packages/playwright/_impl/_page.py:552: in goto\n    return await self._main_frame.goto(**locals_to_params(locals()))\n           ^^^^^^^^^^^^^^^^^^^^^^^^^^^^^^^^^^^^^^^^^^^^^^^^^^^^^^^^^\n/opt/hostedtoolcache/Python/3.11.14/x64/lib/python3.11/site-packages/playwright/_impl/_frame.py:153: in goto\n    await self._channel.send(\n/opt/hostedtoolcache/Python/3.11.14/x64/lib/python3.11/site-packages/playwright/_impl/_connection.py:69: in send\n    return await self._connection.wrap_api_call(\n/opt/hostedtoolcache/Python/3.11.14/x64/lib/python3.11/site-packages/playwright/_impl/_connection.py:559: in wrap_api_call\n    raise rewrite_error(error, f\"{parsed_st['apiName']}: {error}\") from None\nE   playwright._impl._errors.TimeoutError: Page.goto: Timeout 30000ms exceeded.\nE   Call log:\nE     - navigating to \"https://candileasing.netlify.app/\", waiting until \"networkidle\"","flaky":false,"newFailed":false,"newBroken":true,"newPassed":false,"retriesCount":0,"retriesStatusChange":false,"beforeStages":[{"name":"base_url","time":{"start":1771423851849,"stop":1771423851849,"duration":0},"status":"passed","steps":[],"attachments":[],"parameters":[],"shouldDisplayMessage":false,"stepsCount":0,"attachmentsCount":0,"hasContent":false,"attachmentStep":false},{"name":"delete_output_dir","time":{"start":1771423851850,"stop":1771423851850,"duration":0},"status":"passed","steps":[],"attachments":[],"parameters":[],"shouldDisplayMessage":false,"stepsCount":0,"attachmentsCount":0,"hasContent":false,"attachmentStep":false},{"name":"configure_logging","time":{"start":1771423851850,"stop":1771423851851,"duration":1},"status":"passed","steps":[],"attachments":[],"parameters":[],"shouldDisplayMessage":false,"stepsCount":0,"attachmentsCount":0,"hasContent":false,"attachmentStep":false},{"name":"_verify_url","time":{"start":1771423851850,"stop":1771423851850,"duration":0},"status":"passed","steps":[],"attachments":[],"parameters":[],"shouldDisplayMessage":false,"stepsCount":0,"attachmentsCount":0,"hasContent":false,"attachmentStep":false},{"name":"pytestconfig","time":{"start":1771423851850,"stop":1771423851850,"duration":0},"status":"passed","steps":[],"attachments":[],"parameters":[],"shouldDisplayMessage":false,"stepsCount":0,"attachmentsCount":0,"hasContent":false,"attachmentStep":false},{"name":"playwright_instance","time":{"start":1771423851852,"stop":1771423852513,"duration":661},"status":"passed","steps":[],"attachments":[],"parameters":[],"shouldDisplayMessage":false,"stepsCount":0,"attachmentsCount":0,"hasContent":false,"attachmentStep":false},{"name":"browser","time":{"start":1771423852513,"stop":1771423854211,"duration":1698},"status":"passed","steps":[],"attachments":[],"parameters":[],"shouldDisplayMessage":false,"stepsCount":0,"attachmentsCount":0,"hasContent":false,"attachmentStep":false},{"name":"log_test_info","time":{"start":1771423854211,"stop":1771423854212,"duration":1},"status":"passed","steps":[],"attachments":[],"parameters":[],"shouldDisplayMessage":false,"stepsCount":0,"attachmentsCount":0,"hasContent":false,"attachmentStep":false},{"name":"context","time":{"start":1771423854212,"stop":1771423854237,"duration":25},"status":"passed","steps":[],"attachments":[],"parameters":[],"shouldDisplayMessage":false,"stepsCount":0,"attachmentsCount":0,"hasContent":false,"attachmentStep":false},{"name":"page","time":{"start":1771423854238,"stop":1771423854312,"duration":74},"status":"passed","steps":[],"attachments":[],"parameters":[],"shouldDisplayMessage":false,"stepsCount":0,"attachmentsCount":0,"hasContent":false,"attachmentStep":false},{"name":"authenticated_page","time":{"start":1771423854312,"stop":1771423944342,"duration":90030},"status":"broken","statusMessage":"playwright._impl._errors.TimeoutError: Page.goto: Timeout 30000ms exceeded.\nCall log:\n  - navigating to \"https://candileasing.netlify.app/\", waiting until \"networkidle\"\n\n","statusTrace":"  File \"/opt/hostedtoolcache/Python/3.11.14/x64/lib/python3.11/site-packages/pluggy/_callers.py\", line 38, in run_old_style_hookwrapper\n    res = yield\n          ^^^^^\n  File \"/opt/hostedtoolcache/Python/3.11.14/x64/lib/python3.11/site-packages/pluggy/_callers.py\", line 139, in _multicall\n    teardown.throw(exception)\n  File \"/opt/hostedtoolcache/Python/3.11.14/x64/lib/python3.11/site-packages/_pytest/setuponly.py\", line 36, in pytest_fixture_setup\n    return (yield)\n            ^^^^^\n  File \"/opt/hostedtoolcache/Python/3.11.14/x64/lib/python3.11/site-packages/pluggy/_callers.py\", line 121, in _multicall\n    res = hook_impl.function(*args)\n          ^^^^^^^^^^^^^^^^^^^^^^^^^\n  File \"/opt/hostedtoolcache/Python/3.11.14/x64/lib/python3.11/site-packages/_pytest/fixtures.py\", line 1202, in pytest_fixture_setup\n    result = call_fixture_func(fixturefunc, request, kwargs)\n             ^^^^^^^^^^^^^^^^^^^^^^^^^^^^^^^^^^^^^^^^^^^^^^^\n  File \"/opt/hostedtoolcache/Python/3.11.14/x64/lib/python3.11/site-packages/_pytest/fixtures.py\", line 908, in call_fixture_func\n    fixture_result = next(generator)\n                     ^^^^^^^^^^^^^^^\n  File \"/home/runner/work/cileasing-automated-tests-playwright/cileasing-automated-tests-playwright/conftest.py\", line 205, in authenticated_page\n    login_page.go_to_login_page()\n  File \"/home/runner/work/cileasing-automated-tests-playwright/cileasing-automated-tests-playwright/utils/decorators.py\", line 38, in wrapper\n    result = func(*args, **kwargs)\n             ^^^^^^^^^^^^^^^^^^^^^\n  File \"/home/runner/work/cileasing-automated-tests-playwright/cileasing-automated-tests-playwright/utils/decorators.py\", line 78, in wrapper\n    result = func(self, *args, **kwargs)\n             ^^^^^^^^^^^^^^^^^^^^^^^^^^^\n  File \"/home/runner/work/cileasing-automated-tests-playwright/cileasing-automated-tests-playwright/pages/login_page.py\", line 25, in go_to_login_page\n    self.navigate_to(self.url)\n  File \"/home/runner/work/cileasing-automated-tests-playwright/cileasing-automated-tests-playwright/utils/decorators.py\", line 38, in wrapper\n    result = func(*args, **kwargs)\n             ^^^^^^^^^^^^^^^^^^^^^\n  File \"/home/runner/work/cileasing-automated-tests-playwright/cileasing-automated-tests-playwright/pages/base_page.py\", line 38, in navigate_to\n    response = self.page.goto(url, wait_until=wait_until)\n               ^^^^^^^^^^^^^^^^^^^^^^^^^^^^^^^^^^^^^^^^^^\n  File \"/opt/hostedtoolcache/Python/3.11.14/x64/lib/python3.11/site-packages/playwright/sync_api/_generated.py\", line 9054, in goto\n    self._sync(\n  File \"/opt/hostedtoolcache/Python/3.11.14/x64/lib/python3.11/site-packages/playwright/_impl/_sync_base.py\", line 115, in _sync\n    return task.result()\n           ^^^^^^^^^^^^^\n  File \"/opt/hostedtoolcache/Python/3.11.14/x64/lib/python3.11/site-packages/playwright/_impl/_page.py\", line 552, in goto\n    return await self._main_frame.goto(**locals_to_params(locals()))\n           ^^^^^^^^^^^^^^^^^^^^^^^^^^^^^^^^^^^^^^^^^^^^^^^^^^^^^^^^^\n  File \"/opt/hostedtoolcache/Python/3.11.14/x64/lib/python3.11/site-packages/playwright/_impl/_frame.py\", line 153, in goto\n    await self._channel.send(\n  File \"/opt/hostedtoolcache/Python/3.11.14/x64/lib/python3.11/site-packages/playwright/_impl/_connection.py\", line 69, in send\n    return await self._connection.wrap_api_call(\n           ^^^^^^^^^^^^^^^^^^^^^^^^^^^^^^^^^^^^^\n  File \"/opt/hostedtoolcache/Python/3.11.14/x64/lib/python3.11/site-packages/playwright/_impl/_connection.py\", line 559, in wrap_api_call\n    raise rewrite_error(error, f\"{parsed_st['apiName']}: {error}\") from None\n","steps":[],"attachments":[],"parameters":[],"shouldDisplayMessage":true,"stepsCount":0,"attachmentsCount":0,"hasContent":true,"attachmentStep":false},{"name":"setup","time":{"start":1771423950198,"stop":1771423950198,"duration":0},"status":"passed","steps":[],"attachments":[],"parameters":[],"shouldDisplayMessage":false,"stepsCount":0,"attachmentsCount":0,"hasContent":false,"attachmentStep":false},{"name":"setup_test_logging","time":{"start":1771423950199,"stop":1771423950199,"duration":0},"status":"passed","steps":[],"attachments":[],"parameters":[],"shouldDisplayMessage":false,"stepsCount":0,"attachmentsCount":0,"hasContent":false,"attachmentStep":false}],"testStage":{"description":"Test Add New Bank details with debugging","status":"broken","statusMessage":"playwright._impl._errors.TimeoutError: Page.goto: Timeout 30000ms exceeded.\nCall log:\n  - navigating to \"https://candileasing.netlify.app/\", waiting until \"networkidle\"","statusTrace":"conftest.py:205: in authenticated_page\n    login_page.go_to_login_page()\nutils/decorators.py:38: in wrapper\n    result = func(*args, **kwargs)\n             ^^^^^^^^^^^^^^^^^^^^^\nutils/decorators.py:78: in wrapper\n    result = func(self, *args, **kwargs)\n             ^^^^^^^^^^^^^^^^^^^^^^^^^^^\npages/login_page.py:25: in go_to_login_page\n    self.navigate_to(self.url)\nutils/decorators.py:38: in wrapper\n    result = func(*args, **kwargs)\n             ^^^^^^^^^^^^^^^^^^^^^\npages/base_page.py:38: in navigate_to\n    response = self.page.goto(url, wait_until=wait_until)\n               ^^^^^^^^^^^^^^^^^^^^^^^^^^^^^^^^^^^^^^^^^^\n/opt/hostedtoolcache/Python/3.11.14/x64/lib/python3.11/site-packages/playwright/sync_api/_generated.py:9054: in goto\n    self._sync(\n/opt/hostedtoolcache/Python/3.11.14/x64/lib/python3.11/site-packages/playwright/_impl/_page.py:552: in goto\n    return await self._main_frame.goto(**locals_to_params(locals()))\n           ^^^^^^^^^^^^^^^^^^^^^^^^^^^^^^^^^^^^^^^^^^^^^^^^^^^^^^^^^\n/opt/hostedtoolcache/Python/3.11.14/x64/lib/python3.11/site-packages/playwright/_impl/_frame.py:153: in goto\n    await self._channel.send(\n/opt/hostedtoolcache/Python/3.11.14/x64/lib/python3.11/site-packages/playwright/_impl/_connection.py:69: in send\n    return await self._connection.wrap_api_call(\n/opt/hostedtoolcache/Python/3.11.14/x64/lib/python3.11/site-packages/playwright/_impl/_connection.py:559: in wrap_api_call\n    raise rewrite_error(error, f\"{parsed_st['apiName']}: {error}\") from None\nE   playwright._impl._errors.TimeoutError: Page.goto: Timeout 30000ms exceeded.\nE   Call log:\nE     - navigating to \"https://candileasing.netlify.app/\", waiting until \"networkidle\"","steps":[],"attachments":[{"uid":"274675951417a464","name":"log","source":"274675951417a464.txt","type":"text/plain","size":4785}],"parameters":[],"shouldDisplayMessage":true,"stepsCount":0,"attachmentsCount":1,"hasContent":true,"attachmentStep":false},"afterStages":[{"name":"page::0","time":{"start":1771423944542,"stop":1771423944549,"duration":7},"status":"passed","steps":[],"attachments":[],"parameters":[],"shouldDisplayMessage":false,"stepsCount":0,"attachmentsCount":0,"hasContent":false,"attachmentStep":false},{"name":"context::0","time":{"start":1771423944549,"stop":1771423944556,"duration":7},"status":"passed","steps":[],"attachments":[],"parameters":[],"shouldDisplayMessage":false,"stepsCount":0,"attachmentsCount":0,"hasContent":false,"attachmentStep":false},{"name":"log_test_info::0","time":{"start":1771423944556,"stop":1771423944557,"duration":1},"status":"passed","steps":[],"attachments":[],"parameters":[],"shouldDisplayMessage":false,"stepsCount":0,"attachmentsCount":0,"hasContent":false,"attachmentStep":false},{"name":"setup_test_logging::0","time":{"start":1771423959315,"stop":1771423959315,"duration":0},"status":"passed","steps":[],"attachments":[],"parameters":[],"shouldDisplayMessage":false,"stepsCount":0,"attachmentsCount":0,"hasContent":false,"attachmentStep":false},{"name":"setup::0","time":{"start":1771423959315,"stop":1771423959315,"duration":0},"status":"passed","steps":[],"attachments":[],"parameters":[],"shouldDisplayMessage":false,"stepsCount":0,"attachmentsCount":0,"hasContent":false,"attachmentStep":false},{"name":"browser::0","time":{"start":1771423959817,"stop":1771423959844,"duration":27},"status":"passed","steps":[],"attachments":[],"parameters":[],"shouldDisplayMessage":false,"stepsCount":0,"attachmentsCount":0,"hasContent":false,"attachmentStep":false},{"name":"playwright_instance::0","time":{"start":1771423959844,"stop":1771423959855,"duration":11},"status":"passed","steps":[],"attachments":[],"parameters":[],"shouldDisplayMessage":false,"stepsCount":0,"attachmentsCount":0,"hasContent":false,"attachmentStep":false},{"name":"configure_logging::0","time":{"start":1771423959856,"stop":1771423959856,"duration":0},"status":"passed","steps":[],"attachments":[],"parameters":[],"shouldDisplayMessage":false,"stepsCount":0,"attachmentsCount":0,"hasContent":false,"attachmentStep":false}],"labels":[{"name":"tag","value":"regression"},{"name":"parentSuite","value":"tests_pages"},{"name":"suite","value":"test_self_service_bank_details"},{"name":"subSuite","value":"TestAddBankDetailsPage"},{"name":"host","value":"runnervmjduv7"},{"name":"thread","value":"3201-MainThread"},{"name":"framework","value":"pytest"},{"name":"language","value":"cpython3"},{"name":"package","value":"tests_pages.test_self_service_bank_details"},{"name":"resultFormat","value":"allure2"}],"parameters":[],"links":[],"hidden":false,"retry":false,"extra":{"severity":"normal","retries":[],"categories":[{"name":"Test defects","matchedStatuses":[],"flaky":false}],"history":{"statistic":{"failed":11,"broken":4,"skipped":0,"passed":0,"unknown":0,"total":15},"items":[{"uid":"41d65ff9abe7928f","status":"failed","statusDetails":"AssertionError: Locator expected to have Value 're.compile('^.{10}$')'\nActual value:  \nCall log:\n  - Expect \"to_have_value\" with timeout 5000ms\n  - waiting for locator(\"input[name=\\\"financialInstitutionId\\\"]\")\n    9 × locator resolved to <input value=\"\" type=\"text\" name=\"financialInstitutionId\" class=\"ant-input ant-input-lg css-1ft25a2 ant-input-outlined w-full\"/>\n      - unexpected value \"\"","time":{"start":1771423366063,"stop":1771423377262,"duration":11199}},{"uid":"2ff98dea751a3d87","status":"failed","statusDetails":"AssertionError: Locator expected to have Value 're.compile('^.{10}$')'\nActual value: UNAFNGLA228 \nCall log:\n  - Expect \"to_have_value\" with timeout 5000ms\n  - waiting for locator(\"input[name=\\\"financialInstitutionId\\\"]\")\n    9 × locator resolved to <input type=\"text\" value=\"UNAFNGLA228\" name=\"financialInstitutionId\" class=\"ant-input ant-input-lg css-1ft25a2 ant-input-outlined w-full\"/>\n      - unexpected value \"UNAFNGLA228\"","time":{"start":1771421972076,"stop":1771421983112,"duration":11036}},{"uid":"edc2629df9fa747","status":"broken","statusDetails":"playwright._impl._errors.TimeoutError: Locator.wait_for: Timeout 30000ms exceeded.\nCall log:\n  - waiting for locator(\"button:has-text('Bank Details')\") to be visible\n    65 × locator resolved to hidden <button class=\"bg-transparent text-label flex items-center whitespace-nowrap text-left w-full px-2 py-3 text-[11px] rounded\">…</button>","time":{"start":1771417821132,"stop":1771417851298,"duration":30166}},{"uid":"a93638c2c4527b1a","status":"broken","statusDetails":"playwright._impl._errors.TimeoutError: Locator.wait_for: Timeout 30000ms exceeded.\nCall log:\n  - waiting for locator(\"button:has-text('Bank Details')\") to be visible\n    64 × locator resolved to hidden <button class=\"bg-transparent text-label flex items-center whitespace-nowrap text-left w-full px-2 py-3 text-[11px] rounded\">…</button>","time":{"start":1771416021706,"stop":1771416051984,"duration":30278}},{"uid":"799c8aa02e0bae61","status":"broken","statusDetails":"playwright._impl._errors.TimeoutError: Locator.wait_for: Timeout 30000ms exceeded.\nCall log:\n  - waiting for locator(\"button:has-text('Bank Details')\") to be visible\n    65 × locator resolved to hidden <button class=\"bg-transparent text-label flex items-center whitespace-nowrap text-left w-full px-2 py-3 text-[11px] rounded\">…</button>","time":{"start":1771413070823,"stop":1771413101007,"duration":30184}},{"uid":"6599e6dc738ed14d","status":"failed","statusDetails":"AssertionError: Locator expected to be visible\nActual value: None\nError: element(s) not found \nCall log:\n  - Expect \"to_be_visible\" with timeout 5000ms\n  - waiting for locator(\"div.uppercase:has-text('DEFAULT')\")","time":{"start":1771412026990,"stop":1771412026990,"duration":0}},{"uid":"cc0d9ee01e741136","status":"failed","statusDetails":"AssertionError: Locator expected to be visible\nActual value: None\nError: element(s) not found \nCall log:\n  - Expect \"to_be_visible\" with timeout 5000ms\n  - waiting for locator(\"div.uppercase:has-text('DEFAULT')\")","time":{"start":1771388638550,"stop":1771388638550,"duration":0}},{"uid":"c8cab5ab6b510c4b","status":"failed","statusDetails":"AssertionError: Locator expected to be visible\nActual value: None\nError: element(s) not found \nCall log:\n  - Expect \"to_be_visible\" with timeout 5000ms\n  - waiting for locator(\"div.uppercase:has-text('DEFAULT')\")","time":{"start":1771302155036,"stop":1771302155036,"duration":0}},{"uid":"1b61dfd765e30a64","status":"failed","statusDetails":"AssertionError: Locator expected to be visible\nActual value: None\nError: element(s) not found \nCall log:\n  - Expect \"to_be_visible\" with timeout 5000ms\n  - waiting for locator(\"div.uppercase:has-text('DEFAULT')\")","time":{"start":1771216059105,"stop":1771216059105,"duration":0}},{"uid":"7bfa7b63a20840f5","status":"failed","statusDetails":"AssertionError: Locator expected to be visible\nActual value: None\nError: element(s) not found \nCall log:\n  - Expect \"to_be_visible\" with timeout 5000ms\n  - waiting for locator(\"div.uppercase:has-text('DEFAULT')\")","time":{"start":1771129454202,"stop":1771129454202,"duration":0}},{"uid":"f46b12f4133a9fb2","status":"failed","statusDetails":"AssertionError: Locator expected to be visible\nActual value: None\nError: element(s) not found \nCall log:\n  - Expect \"to_be_visible\" with timeout 5000ms\n  - waiting for locator(\"div.uppercase:has-text('DEFAULT')\")","time":{"start":1771042321559,"stop":1771042321559,"duration":0}},{"uid":"3416622a54202936","status":"failed","statusDetails":"AssertionError: Locator expected to be visible\nActual value: None\nError: element(s) not found \nCall log:\n  - Expect \"to_be_visible\" with timeout 5000ms\n  - waiting for locator(\"div.uppercase:has-text('DEFAULT')\")","time":{"start":1770956616480,"stop":1770956616480,"duration":0}},{"uid":"985831f5db0f315c","status":"failed","statusDetails":"AssertionError: Locator expected to be visible\nActual value: None\nError: element(s) not found \nCall log:\n  - Expect \"to_be_visible\" with timeout 5000ms\n  - waiting for locator(\"div.uppercase:has-text('DEFAULT')\")","time":{"start":1770926262038,"stop":1770926262038,"duration":0}},{"uid":"71708777c691aab2","status":"failed","statusDetails":"AssertionError: Locator expected to be visible\nActual value: None\nError: element(s) not found \nCall log:\n  - Expect \"to_be_visible\" with timeout 5000ms\n  - waiting for locator(\"div.uppercase:has-text('DEFAULT')\")","time":{"start":1770911960989,"stop":1770911960989,"duration":0}}]},"tags":["regression"]},"source":"4fcec8795f5bdfe2.json","parameterValues":[]}