{"uid":"a84e3c9ec1535110","name":"test_login_with_wrong_password","fullName":"tests_pages.test_user_logins.TestUserLogins#test_login_with_wrong_password","historyId":"c405b6695ddc97c7985d99fafadf6327","time":{"start":1770610614436,"stop":1770610622050,"duration":7614},"description":"Verify login with explicitly provided credentials.","descriptionHtml":"<p>Verify login with explicitly provided credentials.</p>\n","status":"failed","statusMessage":"AssertionError: Locator expected to be visible\nActual value: None\nError: element(s) not found \nCall log:\n  - Expect \"to_be_visible\" with timeout 5000ms\n  - waiting for locator(\"div[role=\\\"alert\\\"]\").filter(has_text=\"Invalid username or password\")","statusTrace":"tests_pages/test_user_logins.py:86: in test_login_with_wrong_password\n    login_page.verify_error_message()\nutils/decorators.py:38: in wrapper\n    result = func(*args, **kwargs)\n             ^^^^^^^^^^^^^^^^^^^^^\npages/login_page.py:71: in verify_error_message\n    self.verify_has_text_visible(LOGIN_PAGE.ERROR_TOAST, LOGIN_PAGE.ERROR_INVALID_CREDENTIALS)\nutils/decorators.py:38: in wrapper\n    result = func(*args, **kwargs)\n             ^^^^^^^^^^^^^^^^^^^^^\npages/base_page.py:336: in verify_has_text_visible\n    expect(self.page.locator(selector, has_text=text)).to_be_visible()\nE   AssertionError: Locator expected to be visible\nE   Actual value: None\nE   Error: element(s) not found \nE   Call log:\nE     - Expect \"to_be_visible\" with timeout 5000ms\nE     - waiting for locator(\"div[role=\\\"alert\\\"]\").filter(has_text=\"Invalid username or password\")","flaky":false,"newFailed":false,"newBroken":false,"newPassed":false,"retriesCount":2,"retriesStatusChange":false,"beforeStages":[{"name":"configure_logging","time":{"start":1770610531032,"stop":1770610531033,"duration":1},"status":"passed","steps":[],"attachments":[],"parameters":[],"shouldDisplayMessage":false,"stepsCount":0,"attachmentsCount":0,"hasContent":false,"attachmentStep":false},{"name":"delete_output_dir","time":{"start":1770610531032,"stop":1770610531032,"duration":0},"status":"passed","steps":[],"attachments":[],"parameters":[],"shouldDisplayMessage":false,"stepsCount":0,"attachmentsCount":0,"hasContent":false,"attachmentStep":false},{"name":"base_url","time":{"start":1770610531032,"stop":1770610531032,"duration":0},"status":"passed","steps":[],"attachments":[],"parameters":[],"shouldDisplayMessage":false,"stepsCount":0,"attachmentsCount":0,"hasContent":false,"attachmentStep":false},{"name":"pytestconfig","time":{"start":1770610531032,"stop":1770610531032,"duration":0},"status":"passed","steps":[],"attachments":[],"parameters":[],"shouldDisplayMessage":false,"stepsCount":0,"attachmentsCount":0,"hasContent":false,"attachmentStep":false},{"name":"_verify_url","time":{"start":1770610531032,"stop":1770610531032,"duration":0},"status":"passed","steps":[],"attachments":[],"parameters":[],"shouldDisplayMessage":false,"stepsCount":0,"attachmentsCount":0,"hasContent":false,"attachmentStep":false},{"name":"playwright_instance","time":{"start":1770610531033,"stop":1770610531387,"duration":354},"status":"passed","steps":[],"attachments":[],"parameters":[],"shouldDisplayMessage":false,"stepsCount":0,"attachmentsCount":0,"hasContent":false,"attachmentStep":false},{"name":"browser","time":{"start":1770610531387,"stop":1770610531554,"duration":167},"status":"passed","steps":[],"attachments":[],"parameters":[],"shouldDisplayMessage":false,"stepsCount":0,"attachmentsCount":0,"hasContent":false,"attachmentStep":false},{"name":"context","time":{"start":1770610614408,"stop":1770610614412,"duration":4},"status":"passed","steps":[],"attachments":[],"parameters":[],"shouldDisplayMessage":false,"stepsCount":0,"attachmentsCount":0,"hasContent":false,"attachmentStep":false},{"name":"log_test_info","time":{"start":1770610614408,"stop":1770610614408,"duration":0},"status":"passed","steps":[],"attachments":[],"parameters":[],"shouldDisplayMessage":false,"stepsCount":0,"attachmentsCount":0,"hasContent":false,"attachmentStep":false},{"name":"page","time":{"start":1770610614412,"stop":1770610614434,"duration":22},"status":"passed","steps":[],"attachments":[],"parameters":[],"shouldDisplayMessage":false,"stepsCount":0,"attachmentsCount":0,"hasContent":false,"attachmentStep":false},{"name":"login_page","time":{"start":1770610614434,"stop":1770610614435,"duration":1},"status":"passed","steps":[],"attachments":[],"parameters":[],"shouldDisplayMessage":false,"stepsCount":0,"attachmentsCount":0,"hasContent":false,"attachmentStep":false}],"testStage":{"description":"Verify login with explicitly provided credentials.","status":"failed","statusMessage":"AssertionError: Locator expected to be visible\nActual value: None\nError: element(s) not found \nCall log:\n  - Expect \"to_be_visible\" with timeout 5000ms\n  - waiting for locator(\"div[role=\\\"alert\\\"]\").filter(has_text=\"Invalid username or password\")","statusTrace":"tests_pages/test_user_logins.py:86: in test_login_with_wrong_password\n    login_page.verify_error_message()\nutils/decorators.py:38: in wrapper\n    result = func(*args, **kwargs)\n             ^^^^^^^^^^^^^^^^^^^^^\npages/login_page.py:71: in verify_error_message\n    self.verify_has_text_visible(LOGIN_PAGE.ERROR_TOAST, LOGIN_PAGE.ERROR_INVALID_CREDENTIALS)\nutils/decorators.py:38: in wrapper\n    result = func(*args, **kwargs)\n             ^^^^^^^^^^^^^^^^^^^^^\npages/base_page.py:336: in verify_has_text_visible\n    expect(self.page.locator(selector, has_text=text)).to_be_visible()\nE   AssertionError: Locator expected to be visible\nE   Actual value: None\nE   Error: element(s) not found \nE   Call log:\nE     - Expect \"to_be_visible\" with timeout 5000ms\nE     - waiting for locator(\"div[role=\\\"alert\\\"]\").filter(has_text=\"Invalid username or password\")","steps":[],"attachments":[{"uid":"83dd719e302ef1d4","name":"log","source":"83dd719e302ef1d4.txt","type":"text/plain","size":10555}],"parameters":[],"shouldDisplayMessage":true,"stepsCount":0,"attachmentsCount":1,"hasContent":true,"attachmentStep":false},"afterStages":[{"name":"page::0","time":{"start":1770610622065,"stop":1770610622068,"duration":3},"status":"passed","steps":[],"attachments":[],"parameters":[],"shouldDisplayMessage":false,"stepsCount":0,"attachmentsCount":0,"hasContent":false,"attachmentStep":false},{"name":"context::0","time":{"start":1770610622068,"stop":1770610622071,"duration":3},"status":"passed","steps":[],"attachments":[],"parameters":[],"shouldDisplayMessage":false,"stepsCount":0,"attachmentsCount":0,"hasContent":false,"attachmentStep":false},{"name":"log_test_info::0","time":{"start":1770610622072,"stop":1770610622072,"duration":0},"status":"passed","steps":[],"attachments":[],"parameters":[],"shouldDisplayMessage":false,"stepsCount":0,"attachmentsCount":0,"hasContent":false,"attachmentStep":false},{"name":"browser::0","time":{"start":1770610625871,"stop":1770610625915,"duration":44},"status":"passed","steps":[],"attachments":[],"parameters":[],"shouldDisplayMessage":false,"stepsCount":0,"attachmentsCount":0,"hasContent":false,"attachmentStep":false},{"name":"playwright_instance::0","time":{"start":1770610625915,"stop":1770610625924,"duration":9},"status":"passed","steps":[],"attachments":[],"parameters":[],"shouldDisplayMessage":false,"stepsCount":0,"attachmentsCount":0,"hasContent":false,"attachmentStep":false},{"name":"configure_logging::0","time":{"start":1770610625925,"stop":1770610625925,"duration":0},"status":"passed","steps":[],"attachments":[],"parameters":[],"shouldDisplayMessage":false,"stepsCount":0,"attachmentsCount":0,"hasContent":false,"attachmentStep":false}],"labels":[{"name":"tag","value":"regression"},{"name":"tag","value":"login"},{"name":"tag","value":"smoke"},{"name":"parentSuite","value":"tests_pages"},{"name":"suite","value":"test_user_logins"},{"name":"subSuite","value":"TestUserLogins"},{"name":"host","value":"runnervmwffz4"},{"name":"thread","value":"3051-MainThread"},{"name":"framework","value":"pytest"},{"name":"language","value":"cpython3"},{"name":"package","value":"tests_pages.test_user_logins"},{"name":"resultFormat","value":"allure2"}],"parameters":[],"links":[],"hidden":false,"retry":false,"extra":{"severity":"normal","retries":[{"uid":"42b295b51d4d8043","status":"failed","statusDetails":"AssertionError: Locator expected to be visible\nActual value: None\nError: element(s) not found \nCall log:\n  - Expect \"to_be_visible\" with timeout 5000ms\n  - waiting for locator(\"div[role=\\\"alert\\\"]\").filter(has_text=\"Invalid username or password\")","time":{"start":1770610553757,"stop":1770610560654,"duration":6897}},{"uid":"ac1852ebb9697721","status":"failed","statusDetails":"AssertionError: Locator expected to be visible\nActual value: None\nError: element(s) not found \nCall log:\n  - Expect \"to_be_visible\" with timeout 5000ms\n  - waiting for locator(\"div[role=\\\"alert\\\"]\").filter(has_text=\"Invalid username or password\")","time":{"start":1770610549761,"stop":1770610556571,"duration":6810}}],"categories":[{"name":"Product defects","matchedStatuses":[],"flaky":false}],"history":{"statistic":{"failed":2,"broken":3,"skipped":0,"passed":5,"unknown":0,"total":10},"items":[{"uid":"177ff92da3635008","status":"failed","statusDetails":"AssertionError: Locator expected to be visible\nActual value: None\nError: element(s) not found \nCall log:\n  - Expect \"to_be_visible\" with timeout 5000ms\n  - waiting for locator(\"div[role=\\\"alert\\\"]\").filter(has_text=\"Invalid username or password\")","time":{"start":1770524792814,"stop":1770524799955,"duration":7141}},{"uid":"b90d16fcf2982c5f","status":"passed","time":{"start":1770436801397,"stop":1770436803957,"duration":2560}},{"uid":"337ff51d43c10427","status":"passed","time":{"start":1770350772378,"stop":1770350775107,"duration":2729}},{"uid":"830860b56b351f2a","status":"passed","time":{"start":1770264359809,"stop":1770264362302,"duration":2493}},{"uid":"400ccbaf64c499f3","status":"passed","time":{"start":1770215378833,"stop":1770215381372,"duration":2539}},{"uid":"a2ffdfa8b4366b9d","status":"passed","time":{"start":1770214988249,"stop":1770214990759,"duration":2510}},{"uid":"a2a549d86c6b3fd1","status":"broken","statusDetails":"playwright._impl._errors.TargetClosedError: BrowserType.launch: Target page, context or browser has been closed\nBrowser logs:\n\n╔════════════════════════════════════════════════════════════════════════════════════════════════╗\n║ Looks like you launched a headed browser without having a XServer running.                     ║\n║ Set either 'headless: true' or use 'xvfb-run <your-playwright-app>' before running Playwright. ║\n║                                                                                                ║\n║ <3 Playwright Team                                                                             ║\n╚════════════════════════════════════════════════════════════════════════════════════════════════╝\nCall log:\n  - <launching> /opt/hostedtoolcache/Python/3.11.14/x64/lib/python3.11/site-packages/playwright/driver/package/.local-browsers/chromium-1208/chrome-linux64/chrome --disable-field-trial-config --disable-background-networking --disable-background-timer-throttling --disable-backgrounding-occluded-windows --disable-back-forward-cache --disable-breakpad --disable-client-side-phishing-detection --disable-component-extensions-with-background-pages --disable-component-update --no-default-browser-check --disable-default-apps --disable-dev-shm-usage --disable-extensions --disable-features=AvoidUnnecessaryBeforeUnloadCheckSync,BoundaryEventDispatchTracksNodeRemoval,DestroyProfileOnBrowserClose,DialMediaRouteProvider,GlobalMediaControls,HttpsUpgrades,LensOverlay,MediaRouter,PaintHolding,ThirdPartyStoragePartitioning,Translate,AutoDeElevate,RenderDocument,OptimizationHints --enable-features=CDPScreenshotNewSurface --allow-pre-commit-input --disable-hang-monitor --disable-ipc-flooding-protection --disable-popup-blocking --disable-prompt-on-repost --disable-renderer-backgrounding --force-color-profile=srgb --metrics-recording-only --no-first-run --password-store=basic --use-mock-keychain --no-service-autorun --export-tagged-pdf --disable-search-engine-choice-screen --unsafely-disable-devtools-self-xss-warnings --edge-skip-compat-layer-relaunch --enable-automation --disable-infobars --disable-search-engine-choice-screen --disable-sync --enable-unsafe-swiftshader --no-sandbox --start-maximized --user-data-dir=/tmp/playwright_chromiumdev_profile-NIUjhU --remote-debugging-pipe --no-startup-window\n  - <launched> pid=3179\n  - [pid=3179][err] [3179:3179:0204/040324.965126:ERROR:ui/ozone/platform/x11/ozone_platform_x11.cc:256] Missing X server or $DISPLAY\n  - [pid=3179][err] [3179:3179:0204/040324.965177:ERROR:ui/aura/env.cc:246] The platform failed to initialize.  Exiting.\n  - [pid=3179] <gracefully close start>\n  - [pid=3179] <kill>\n  - [pid=3179] <will force kill>\n  - [pid=3179] <process did exit: exitCode=1, signal=null>\n  - [pid=3179] starting temporary directories cleanup\n  - [pid=3179] finished temporary directories cleanup\n  - [pid=3179] <gracefully close end>","time":{"start":1770177806702,"stop":1770177806702,"duration":0}},{"uid":"6d662199978ee1d8","status":"broken","statusDetails":"playwright._impl._errors.TargetClosedError: BrowserType.launch: Target page, context or browser has been closed\nBrowser logs:\n\n╔════════════════════════════════════════════════════════════════════════════════════════════════╗\n║ Looks like you launched a headed browser without having a XServer running.                     ║\n║ Set either 'headless: true' or use 'xvfb-run <your-playwright-app>' before running Playwright. ║\n║                                                                                                ║\n║ <3 Playwright Team                                                                             ║\n╚════════════════════════════════════════════════════════════════════════════════════════════════╝\nCall log:\n  - <launching> /opt/hostedtoolcache/Python/3.11.14/x64/lib/python3.11/site-packages/playwright/driver/package/.local-browsers/chromium-1208/chrome-linux64/chrome --disable-field-trial-config --disable-background-networking --disable-background-timer-throttling --disable-backgrounding-occluded-windows --disable-back-forward-cache --disable-breakpad --disable-client-side-phishing-detection --disable-component-extensions-with-background-pages --disable-component-update --no-default-browser-check --disable-default-apps --disable-dev-shm-usage --disable-extensions --disable-features=AvoidUnnecessaryBeforeUnloadCheckSync,BoundaryEventDispatchTracksNodeRemoval,DestroyProfileOnBrowserClose,DialMediaRouteProvider,GlobalMediaControls,HttpsUpgrades,LensOverlay,MediaRouter,PaintHolding,ThirdPartyStoragePartitioning,Translate,AutoDeElevate,RenderDocument,OptimizationHints --enable-features=CDPScreenshotNewSurface --allow-pre-commit-input --disable-hang-monitor --disable-ipc-flooding-protection --disable-popup-blocking --disable-prompt-on-repost --disable-renderer-backgrounding --force-color-profile=srgb --metrics-recording-only --no-first-run --password-store=basic --use-mock-keychain --no-service-autorun --export-tagged-pdf --disable-search-engine-choice-screen --unsafely-disable-devtools-self-xss-warnings --edge-skip-compat-layer-relaunch --enable-automation --disable-infobars --disable-search-engine-choice-screen --disable-sync --enable-unsafe-swiftshader --no-sandbox --start-maximized --user-data-dir=/tmp/playwright_chromiumdev_profile-HArdSu --remote-debugging-pipe --no-startup-window\n  - <launched> pid=3181\n  - [pid=3181][err] [3181:3181:0203/140756.354256:ERROR:ui/ozone/platform/x11/ozone_platform_x11.cc:256] Missing X server or $DISPLAY\n  - [pid=3181][err] [3181:3181:0203/140756.354297:ERROR:ui/aura/env.cc:246] The platform failed to initialize.  Exiting.\n  - [pid=3181] <gracefully close start>\n  - [pid=3181] <kill>\n  - [pid=3181] <will force kill>\n  - [pid=3181] <process did exit: exitCode=1, signal=null>\n  - [pid=3181] starting temporary directories cleanup\n  - [pid=3181] finished temporary directories cleanup\n  - [pid=3181] <gracefully close end>","time":{"start":1770127678027,"stop":1770127678027,"duration":0}},{"uid":"c7b4a9535c9954ec","status":"broken","statusDetails":"playwright._impl._errors.TargetClosedError: BrowserType.launch: Target page, context or browser has been closed\nBrowser logs:\n\n╔════════════════════════════════════════════════════════════════════════════════════════════════╗\n║ Looks like you launched a headed browser without having a XServer running.                     ║\n║ Set either 'headless: true' or use 'xvfb-run <your-playwright-app>' before running Playwright. ║\n║                                                                                                ║\n║ <3 Playwright Team                                                                             ║\n╚════════════════════════════════════════════════════════════════════════════════════════════════╝\nCall log:\n  - <launching> /opt/hostedtoolcache/Python/3.11.14/x64/lib/python3.11/site-packages/playwright/driver/package/.local-browsers/chromium-1208/chrome-linux64/chrome --disable-field-trial-config --disable-background-networking --disable-background-timer-throttling --disable-backgrounding-occluded-windows --disable-back-forward-cache --disable-breakpad --disable-client-side-phishing-detection --disable-component-extensions-with-background-pages --disable-component-update --no-default-browser-check --disable-default-apps --disable-dev-shm-usage --disable-extensions --disable-features=AvoidUnnecessaryBeforeUnloadCheckSync,BoundaryEventDispatchTracksNodeRemoval,DestroyProfileOnBrowserClose,DialMediaRouteProvider,GlobalMediaControls,HttpsUpgrades,LensOverlay,MediaRouter,PaintHolding,ThirdPartyStoragePartitioning,Translate,AutoDeElevate,RenderDocument,OptimizationHints --enable-features=CDPScreenshotNewSurface --allow-pre-commit-input --disable-hang-monitor --disable-ipc-flooding-protection --disable-popup-blocking --disable-prompt-on-repost --disable-renderer-backgrounding --force-color-profile=srgb --metrics-recording-only --no-first-run --password-store=basic --use-mock-keychain --no-service-autorun --export-tagged-pdf --disable-search-engine-choice-screen --unsafely-disable-devtools-self-xss-warnings --edge-skip-compat-layer-relaunch --enable-automation --disable-infobars --disable-search-engine-choice-screen --disable-sync --enable-unsafe-swiftshader --no-sandbox --start-maximized --user-data-dir=/tmp/playwright_chromiumdev_profile-Xh490x --remote-debugging-pipe --no-startup-window\n  - <launched> pid=3303\n  - [pid=3303][err] [3303:3303:0203/081222.132928:ERROR:ui/ozone/platform/x11/ozone_platform_x11.cc:256] Missing X server or $DISPLAY\n  - [pid=3303][err] [3303:3303:0203/081222.132963:ERROR:ui/aura/env.cc:246] The platform failed to initialize.  Exiting.\n  - [pid=3303] <gracefully close start>\n  - [pid=3303] <kill>\n  - [pid=3303] <will force kill>\n  - [pid=3303] <process did exit: exitCode=1, signal=null>\n  - [pid=3303] starting temporary directories cleanup\n  - [pid=3303] finished temporary directories cleanup\n  - [pid=3303] <gracefully close end>","time":{"start":1770106342546,"stop":1770106342546,"duration":0}}]},"tags":["regression","smoke","login"]},"source":"a84e3c9ec1535110.json","parameterValues":[]}